<?xml version="1.0" encoding="UTF-8"?>
<TestRun id="4c487afb-66b3-45e4-9073-e629e24cba59" name="Arvind@ARVIND-PC 2011-08-08 03:59:28" runUser="Arvind-PC\Arvind" xmlns="http://microsoft.com/schemas/VisualStudio/TeamTest/2010">
  <TestSettings name="Local" id="0d03f9d0-7329-4b72-a050-9d284b119940">
    <Description>These are default test settings for a local test run.</Description>
    <Deployment enabled="false" runDeploymentRoot="Arvind_ARVIND-PC 2011-08-08 03_59_28">
      <DeploymentItem filename="C:\TW\OpenShelf.NET\OpenShelf\bin\Debug\OpenShelf.exe" />
      <DeploymentItem filename="C:\TW\OpenShelf.NET\OpenShelf\Refs\zxing.dll" />
      <DeploymentItem filename="C:\TW\OpenShelf.NET\OpenShelf\Refs\Newtonsoft.Json.dll" />
      <DeploymentItem filename="C:\TW\OpenShelf.NET\OpenShelf\Refs\WebCam_Capture.dll" />
    </Deployment>
    <Execution>
      <TestTypeSpecific />
      <AgentRule name="Execution Agents">
      </AgentRule>
    </Execution>
  </TestSettings>
  <Times creation="2011-08-08T03:59:28.2892238-07:00" queuing="2011-08-08T03:59:29.3092821-07:00" start="2011-08-08T03:59:29.4292890-07:00" finish="2011-08-08T03:59:30.1273289-07:00" />
  <ResultSummary outcome="Failed">
    <Counters total="1" executed="1" error="0" failed="1" timeout="0" aborted="0" inconclusive="0" passedButRunAborted="0" notRunnable="0" notExecuted="0" disconnected="0" warning="0" passed="0" completed="0" inProgress="0" pending="0" />
  </ResultSummary>
  <TestDefinitions>
    <UnitTest name="DecodeTest" storage="c:\tw\openshelf.net\openshelftest.net\bin\debug\openshelftest.net.dll" id="f37054c9-791c-b08b-9f2c-99fde5b5826f">
      <Execution id="6132c22b-3dd6-4e14-a9f1-e5e5f2fb92c2" />
      <TestMethod codeBase="C:/TW/OpenShelf.NET/OpenShelfTest.NET/bin/Debug/OpenShelfTest.NET.DLL" adapterTypeName="Microsoft.VisualStudio.TestTools.TestTypes.Unit.UnitTestAdapter, Microsoft.VisualStudio.QualityTools.Tips.UnitTest.Adapter, Version=10.0.0.0, Culture=neutral, PublicKeyToken=b03f5f7f11d50a3a" className="OpenShelfTest.NET.BorrowSessionTest, OpenShelfTest.NET, Version=1.0.0.0, Culture=neutral, PublicKeyToken=null" name="DecodeTest" />
    </UnitTest>
  </TestDefinitions>
  <TestLists>
    <TestList name="Results Not in a List" id="8c84fa94-04c1-424b-9868-57a2d4851a1d" />
    <TestList name="All Loaded Results" id="19431567-8539-422a-85d7-44ee4e166bda" />
  </TestLists>
  <TestEntries>
    <TestEntry testId="f37054c9-791c-b08b-9f2c-99fde5b5826f" executionId="6132c22b-3dd6-4e14-a9f1-e5e5f2fb92c2" testListId="8c84fa94-04c1-424b-9868-57a2d4851a1d" />
  </TestEntries>
  <Results>
    <UnitTestResult executionId="6132c22b-3dd6-4e14-a9f1-e5e5f2fb92c2" testId="f37054c9-791c-b08b-9f2c-99fde5b5826f" testName="DecodeTest" computerName="ARVIND-PC" duration="00:00:00.2370644" startTime="2011-08-08T03:59:29.4722914-07:00" endTime="2011-08-08T03:59:30.0483244-07:00" testType="13cdc9d9-ddb5-4fa4-a97d-d965ccfc6d4b" outcome="Failed" testListId="8c84fa94-04c1-424b-9868-57a2d4851a1d" relativeResultsDirectory="6132c22b-3dd6-4e14-a9f1-e5e5f2fb92c2">
      <Output>
        <ErrorInfo>
          <Message>Test method OpenShelfTest.NET.BorrowSessionTest.DecodeTest threw exception: 
System.FormatException: Input string was not in a correct format.</Message>
          <StackTrace>    at System.Text.StringBuilder.AppendFormat(IFormatProvider provider, String format, Object[] args)
   at System.String.Format(IFormatProvider provider, String format, Object[] args)
   at System.String.Format(String format, Object arg0)
   at OpenShelfTest.NET.BorrowSessionTest.DecodeTest() in C:\TW\OpenShelf.NET\OpenShelfTest.NET\BorrowSessionTest.cs:line 75
</StackTrace>
        </ErrorInfo>
      </Output>
    </UnitTestResult>
  </Results>
</TestRun>