<?xml version="1.0" encoding="UTF-8"?>
<TestRun id="f6a53820-8c4c-41c2-a59c-ae3e7aaf9637" name="Arvind@ARVIND-PC 2011-08-08 04:15:06" runUser="Arvind-PC\Arvind" xmlns="http://microsoft.com/schemas/VisualStudio/TeamTest/2010">
  <TestSettings name="Local" id="0d03f9d0-7329-4b72-a050-9d284b119940">
    <Description>These are default test settings for a local test run.</Description>
    <Deployment userDeploymentRoot="C:\TW\OpenShelf.NET\TestResults" useDefaultDeploymentRoot="false" enabled="false" runDeploymentRoot="Arvind_ARVIND-PC 2011-08-08 04_15_06">
      <DeploymentItem filename="C:\TW\OpenShelf.NET\OpenShelf\bin\Debug\OpenShelf.exe" />
      <DeploymentItem filename="C:\TW\OpenShelf.NET\OpenShelf\Refs\zxing.dll" />
      <DeploymentItem filename="C:\TW\OpenShelf.NET\OpenShelf\Refs\Newtonsoft.Json.dll" />
      <DeploymentItem filename="C:\TW\OpenShelf.NET\OpenShelf\Refs\WebCam_Capture.dll" />
    </Deployment>
    <Execution>
      <TestTypeSpecific />
      <AgentRule name="Execution Agents">
      </AgentRule>
    </Execution>
  </TestSettings>
  <Times creation="2011-08-08T04:15:06.1148643-07:00" queuing="2011-08-08T04:15:07.9019665-07:00" start="2011-08-08T04:15:08.0789767-07:00" finish="2011-08-08T04:19:16.3331760-07:00" />
  <ResultSummary outcome="Aborted">
    <Counters total="1" executed="1" error="0" failed="0" timeout="0" aborted="1" inconclusive="0" passedButRunAborted="0" notRunnable="0" notExecuted="0" disconnected="0" warning="0" passed="0" completed="0" inProgress="0" pending="0" />
  </ResultSummary>
  <TestDefinitions>
    <UnitTest name="DecodeTest" storage="c:\tw\openshelf.net\openshelftest.net\bin\debug\openshelftest.net.dll" id="f37054c9-791c-b08b-9f2c-99fde5b5826f">
      <Execution id="e7c9515f-aa8e-477f-a1b9-36c679d6d87a" />
      <TestMethod codeBase="C:/TW/OpenShelf.NET/OpenShelfTest.NET/bin/Debug/OpenShelfTest.NET.DLL" adapterTypeName="Microsoft.VisualStudio.TestTools.TestTypes.Unit.UnitTestAdapter, Microsoft.VisualStudio.QualityTools.Tips.UnitTest.Adapter, Version=10.0.0.0, Culture=neutral, PublicKeyToken=b03f5f7f11d50a3a" className="OpenShelfTest.NET.BorrowSessionTest, OpenShelfTest.NET, Version=1.0.0.0, Culture=neutral, PublicKeyToken=null" name="DecodeTest" />
    </UnitTest>
  </TestDefinitions>
  <TestLists>
    <TestList name="Results Not in a List" id="8c84fa94-04c1-424b-9868-57a2d4851a1d" />
    <TestList name="All Loaded Results" id="19431567-8539-422a-85d7-44ee4e166bda" />
  </TestLists>
  <TestEntries>
    <TestEntry testId="f37054c9-791c-b08b-9f2c-99fde5b5826f" executionId="e7c9515f-aa8e-477f-a1b9-36c679d6d87a" testListId="8c84fa94-04c1-424b-9868-57a2d4851a1d" />
  </TestEntries>
  <Results>
    <UnitTestResult executionId="e7c9515f-aa8e-477f-a1b9-36c679d6d87a" testId="f37054c9-791c-b08b-9f2c-99fde5b5826f" testName="DecodeTest" computerName="ARVIND-PC" duration="00:04:06.7341124" startTime="2011-08-08T04:15:08.2139844-07:00" endTime="2011-08-08T04:19:14.9480968-07:00" testType="13cdc9d9-ddb5-4fa4-a97d-d965ccfc6d4b" outcome="Aborted" testListId="8c84fa94-04c1-424b-9868-57a2d4851a1d" relativeResultsDirectory="e7c9515f-aa8e-477f-a1b9-36c679d6d87a">
      <Output>
        <ErrorInfo>
          <Message>User aborted test run.</Message>
        </ErrorInfo>
      </Output>
    </UnitTestResult>
  </Results>
</TestRun>