<?xml version="1.0" encoding="UTF-8"?>
<TestRun id="e2dba5e2-6ae8-43e2-abd8-0d96fd7dd20c" name="Arvind@ARVIND-PC 2011-08-08 04:43:09" runUser="Arvind-PC\Arvind" xmlns="http://microsoft.com/schemas/VisualStudio/TeamTest/2010">
  <TestSettings name="Local" id="0d03f9d0-7329-4b72-a050-9d284b119940">
    <Description>These are default test settings for a local test run.</Description>
    <Deployment enabled="false" runDeploymentRoot="Arvind_ARVIND-PC 2011-08-08 04_43_09">
      <DeploymentItem filename="C:\TW\OpenShelf.NET\OpenShelf\bin\Debug\OpenShelf.exe" />
      <DeploymentItem filename="C:\TW\OpenShelf.NET\OpenShelf\Refs\zxing.dll" />
      <DeploymentItem filename="C:\TW\OpenShelf.NET\OpenShelf\Refs\Newtonsoft.Json.dll" />
      <DeploymentItem filename="C:\TW\OpenShelf.NET\OpenShelf\Refs\WebCam_Capture.dll" />
    </Deployment>
    <Execution>
      <TestTypeSpecific />
      <AgentRule name="Execution Agents">
      </AgentRule>
    </Execution>
  </TestSettings>
  <Times creation="2011-08-08T04:43:09.8261671-07:00" queuing="2011-08-08T04:43:10.0181781-07:00" start="2011-08-08T04:43:10.0631807-07:00" finish="2011-08-08T04:43:10.4282015-07:00" />
  <ResultSummary outcome="Failed">
    <Counters total="1" executed="1" error="0" failed="1" timeout="0" aborted="0" inconclusive="0" passedButRunAborted="0" notRunnable="0" notExecuted="0" disconnected="0" warning="0" passed="0" completed="0" inProgress="0" pending="0" />
  </ResultSummary>
  <TestDefinitions>
    <UnitTest name="DecodeTest" storage="c:\tw\openshelf.net\openshelftest.net\bin\debug\openshelftest.net.dll" id="f37054c9-791c-b08b-9f2c-99fde5b5826f">
      <Execution id="5b4a8450-36dc-4386-8e92-064fd7c800b7" />
      <TestMethod codeBase="C:/TW/OpenShelf.NET/OpenShelfTest.NET/bin/Debug/OpenShelfTest.NET.DLL" adapterTypeName="Microsoft.VisualStudio.TestTools.TestTypes.Unit.UnitTestAdapter, Microsoft.VisualStudio.QualityTools.Tips.UnitTest.Adapter, Version=10.0.0.0, Culture=neutral, PublicKeyToken=b03f5f7f11d50a3a" className="OpenShelfTest.NET.BorrowSessionTest, OpenShelfTest.NET, Version=1.0.0.0, Culture=neutral, PublicKeyToken=null" name="DecodeTest" />
    </UnitTest>
  </TestDefinitions>
  <TestLists>
    <TestList name="Results Not in a List" id="8c84fa94-04c1-424b-9868-57a2d4851a1d" />
    <TestList name="All Loaded Results" id="19431567-8539-422a-85d7-44ee4e166bda" />
  </TestLists>
  <TestEntries>
    <TestEntry testId="f37054c9-791c-b08b-9f2c-99fde5b5826f" executionId="5b4a8450-36dc-4386-8e92-064fd7c800b7" testListId="8c84fa94-04c1-424b-9868-57a2d4851a1d" />
  </TestEntries>
  <Results>
    <UnitTestResult executionId="5b4a8450-36dc-4386-8e92-064fd7c800b7" testId="f37054c9-791c-b08b-9f2c-99fde5b5826f" testName="DecodeTest" computerName="ARVIND-PC" duration="00:00:00.0607335" startTime="2011-08-08T04:43:10.0801816-07:00" endTime="2011-08-08T04:43:10.3551974-07:00" testType="13cdc9d9-ddb5-4fa4-a97d-d965ccfc6d4b" outcome="Failed" testListId="8c84fa94-04c1-424b-9868-57a2d4851a1d" relativeResultsDirectory="5b4a8450-36dc-4386-8e92-064fd7c800b7">
      <Output>
        <ErrorInfo>
          <Message>Test method OpenShelfTest.NET.BorrowSessionTest.DecodeTest threw exception: 
System.NullReferenceException: Object reference not set to an instance of an object.</Message>
          <StackTrace>    at OpenShelfTest.NET.BorrowSessionTest.DecodeTest() in C:\TW\OpenShelf.NET\OpenShelfTest.NET\BorrowSessionTest.cs:line 79
</StackTrace>
        </ErrorInfo>
      </Output>
    </UnitTestResult>
  </Results>
</TestRun>